
PLAY [webservers:dbservers] *****************************************************************************************************************************************************************

TASK [Gathering Facts] **********************************************************************************************************************************************************************
ok: [web]
ok: [db]

TASK [Update apt packages] ******************************************************************************************************************************************************************
ok: [web]
ok: [db]

PLAY [webservers] ***************************************************************************************************************************************************************************

TASK [Gathering Facts] **********************************************************************************************************************************************************************
ok: [web]

TASK [Install packages] *********************************************************************************************************************************************************************
ok: [web]

TASK [Start and Enable Apache service] ******************************************************************************************************************************************************
ok: [web]

PLAY [dbservers] ****************************************************************************************************************************************************************************

TASK [Gathering Facts] **********************************************************************************************************************************************************************
ok: [db]

TASK [Install packages] *********************************************************************************************************************************************************************
ok: [db]

TASK [Start and enable MySQL service] *******************************************************************************************************************************************************
ok: [db]

PLAY [webservers] ***************************************************************************************************************************************************************************

TASK [Gathering Facts] **********************************************************************************************************************************************************************
ok: [web]

TASK [Upload application file] **************************************************************************************************************************************************************
ok: [web]

PLAY [dbservers] ****************************************************************************************************************************************************************************

TASK [Gathering Facts] **********************************************************************************************************************************************************************
ok: [db]

TASK [Set the root password] ****************************************************************************************************************************************************************
ok: [db]

TASK [Create a test user] *******************************************************************************************************************************************************************
ok: [db]

TASK [Remove all anonymous user accounts] ***************************************************************************************************************************************************
ok: [db]

TASK [Remove the MySQL test database] *******************************************************************************************************************************************************
ok: [db]

TASK [Change bind address] ******************************************************************************************************************************************************************
ok: [db]

PLAY RECAP **********************************************************************************************************************************************************************************
db                         : ok=11   changed=0    unreachable=0    failed=0    skipped=0    rescued=0    ignored=0   
web                        : ok=7    changed=0    unreachable=0    failed=0    skipped=0    rescued=0    ignored=0   

